{
  "stats": {
    "suites": 1,
    "tests": 4,
    "passes": 4,
    "pending": 0,
    "failures": 0,
    "start": "2024-03-09T16:43:11.868Z",
    "end": "2024-03-09T16:46:42.004Z",
    "duration": 210136,
    "testsRegistered": 4,
    "passPercent": 100,
    "pendingPercent": 0,
    "other": 0,
    "hasOther": false,
    "skipped": 0,
    "hasSkipped": false
  },
  "results": [
    {
      "uuid": "34e8c347-cf7d-4dcd-9d96-2b18232297fa",
      "title": "",
      "fullFile": "C:\\Users\\abrdh\\OneDrive\\Desktop\\QA_Test_Assignment\\QA_TEST_01\\test\\customFieldTest.js",
      "file": "\\test\\customFieldTest.js",
      "beforeHooks": [],
      "afterHooks": [],
      "tests": [],
      "suites": [
        {
          "uuid": "f9da9ec9-9ca9-4779-b710-0331e1f0b1cc",
          "title": "Verify User Custom Field Functionality",
          "fullFile": "C:\\Users\\abrdh\\OneDrive\\Desktop\\QA_Test_Assignment\\QA_TEST_01\\test\\customFieldTest.js",
          "file": "\\test\\customFieldTest.js",
          "beforeHooks": [
            {
              "title": "\"before each\" hook in \"Verify User Custom Field Functionality\"",
              "fullTitle": "Verify User Custom Field Functionality \"before each\" hook in \"Verify User Custom Field Functionality\"",
              "timedOut": false,
              "duration": 7982,
              "state": null,
              "speed": null,
              "pass": false,
              "fail": false,
              "pending": false,
              "context": null,
              "code": "// Launch browser\ndriver = await new Builder().forBrowser(\"chrome\").build();\n// Maximize the window\nawait driver.manage().window().maximize();\n// Navigate to application\nawait driver.get(\"https://dev.klaarhq.com\");",
              "err": {},
              "uuid": "7b3d8709-eb60-4219-abef-edc4f575f4aa",
              "parentUUID": "f9da9ec9-9ca9-4779-b710-0331e1f0b1cc",
              "isHook": true,
              "skipped": false
            }
          ],
          "afterHooks": [
            {
              "title": "\"after each\" hook in \"Verify User Custom Field Functionality\"",
              "fullTitle": "Verify User Custom Field Functionality \"after each\" hook in \"Verify User Custom Field Functionality\"",
              "timedOut": false,
              "duration": 194,
              "state": null,
              "speed": null,
              "pass": false,
              "fail": false,
              "pending": false,
              "context": null,
              "code": "// Close the browser after each tests are done\nawait driver.quit();",
              "err": {},
              "uuid": "19fd2c4a-759d-49a5-9d9e-08ad0e391d91",
              "parentUUID": "f9da9ec9-9ca9-4779-b710-0331e1f0b1cc",
              "isHook": true,
              "skipped": false
            }
          ],
          "tests": [
            {
              "title": "Verify User custom field - Date : Add/Display/Toggle",
              "fullTitle": "Verify User Custom Field Functionality Verify User custom field - Date : Add/Display/Toggle",
              "timedOut": false,
              "duration": 52653,
              "state": "passed",
              "speed": "slow",
              "pass": true,
              "fail": false,
              "pending": false,
              "context": null,
              "code": "//Login\n    const element = await driver.wait(\n      until.elementLocated(\n        By.xpath(\n          '//*[@id=\"main-app\"]/app-root/app-sign-in/nz-spin/div/div[1]/div[2]/div/div/div[3]/div'\n        )\n      ),\n      20000\n    ); \n    await element.click();\n    await driver\n      .findElement(By.id(\"email-field\"))\n      .sendKeys(\"deepa.nayak@gamma.klaar.team\");\n    await driver.findElement(By.id(\"password-field\")).sendKeys(\"Klaar2021\");\n    await driver\n      .findElement(\n        By.xpath(\n          '//*[@id=\"main-app\"]/app-root/app-sign-in/nz-spin/div/div[1]/div[2]/div/nz-spin/div/form/nz-form-item[2]/nz-form-control/div/div/nz-input-group/span'\n        )\n      )\n      .click();\n    await driver.findElement(By.id(\"login-btn\")).click();\n    console.log(\"Clicked on login\");\n    //Navigate to setting module\n    const element1 = await driver.wait(\n      until.elementLocated(\n        By.xpath(\n          '//*[@id=\"main-app\"]/app-root/app-layout/nz-layout/nz-sider/div/div/div[1]/div[2]/ul/div[7]/button/li'\n        )\n      ),\n      20000\n    );\n    await element1.click();\n    console.log(\"Clicked on settings\");\n    await driver.sleep(1000);\n    //Navigate to User list page\n    await driver\n      .findElement(By.xpath(\"//a[contains(text(),'User List')]\"))\n      .click();\n    console.log(\"Clicked on user list page\");\n    //Navigate to the User Fields page.\n    await driver\n      .findElement(\n        By.xpath(\n          \"//body/div[@id='main-app']/app-root[1]/app-layout[1]/nz-layout[1]/nz-layout[1]/nz-content[1]/div[1]/app-employees[1]/app-page-container[1]/div[1]/div[1]/nz-tabset[1]/nz-tabs-nav[1]/div[1]/div[1]/div[3]\"\n        )\n      )\n      .click();\n    console.log(\"Clicked on custom field\");\n    //Add a new custom field of type Date.\n    await driver.sleep(2000);\n    await driver\n      .findElement(\n        By.xpath(\n          \"//div[@id='main-app']/app-root/app-layout/nz-layout/nz-layout/nz-content/div/app-employees/app-page-container/div/div/nz-tabset/div/div/div[3]/div/button[2]/span[2]\"\n        )\n      )\n      .click();\n    console.log(\"Clicked on add field\");\n    await driver\n      .findElement(\n        By.xpath(\n          \"//input[contains(@class, 'ant-input') and ancestor::div[contains(@id, 'cdk-overlay')]]\"\n        )\n      )\n      .sendKeys(\"Abrar-Test-Date\");\n    await driver\n      .findElement(\n        By.xpath(\n          \"//div[@id='cdk-overlay-0']/nz-modal-container/div/div/div/app-modal/div/div[2]/app-add-field-modal/div/nz-spin/div/div/div/form/nz-form-item[2]/nz-form-control/div/div/nz-select/nz-select-top-control/nz-select-search/input\"\n        )\n      )\n      .click();\n    await driver\n      .findElement(By.xpath(\"//nz-option-container//nz-option-item[6]\"))\n      .click();\n    await driver\n      .findElement(\n        By.xpath(\n          \"//body/div[5]/div[2]/div[1]/nz-modal-container[1]/div[1]/div[1]/div[1]/app-modal[1]/div[1]/div[3]/div[1]/span[1]/button[1]\"\n        )\n      )\n      .click();\n    console.log(\"Clicked on Submit\");\n    await driver.sleep(2000);\n    //Verify that the added custom field is reflected in the user company details page\n    await driver\n      .findElement(\n        By.xpath(\n          \"//body/div[@id='main-app']/app-root[1]/app-layout[1]/nz-layout[1]/nz-layout[1]/nz-content[1]/div[1]/app-employees[1]/app-page-container[1]/div[1]/div[1]/nz-tabset[1]/nz-tabs-nav[1]/div[1]/div[1]/div[1]\"\n        )\n      )\n      .click();\n    await driver.sleep(5000);\n    await driver\n      .findElement(\n        By.xpath(\n          \"//div[@id='main-app']/app-root/app-layout/nz-layout/nz-layout/nz-content/div/app-employees/app-page-container/div/div/nz-tabset/div/div/div/div/div[2]/div/kr-table-v2/nz-table/nz-spin/div/div/nz-table-inner-scroll/div[2]/table/tbody/tr/td[2]/div/span\"\n        )\n      )\n      .click();\n    await driver.sleep(4000);\n    await driver\n      .findElement(\n        By.xpath(\n          \"//div[@id='main-app']/app-root/app-layout/nz-layout/nz-layout/nz-content/div/app-profile-edit/app-page-container/div/div/div/div[2]/nz-tabset/nz-tabs-nav/div/div/div[2]/div\"\n        )\n      )\n      .click();\n    console.log(\"Clicked on Company details\");\n    await driver.sleep(4000);\n    await driver.findElement(\n      By.xpath(\"//label[contains(text(), 'Abrar-Test-Date')]\")\n    );\n    console.log('Label with text \"Abrar-Test-Date\" found.');\n    await driver.sleep(2000);\n    //In the user details page, add a future date in the custom field for the user and save.\n    const datePicker = await driver.findElement(\n      By.xpath(\n        \"//label[contains(text(), 'Abrar-Test-Date')]/ancestor::nz-form-label/following-sibling::nz-form-control//input\"\n      )\n    );\n    await driver.executeScript(\"arguments[0].scrollIntoView();\", datePicker);\n    await driver.sleep(2000);\n    await datePicker.click();\n    await datePicker.clear();\n    await datePicker.sendKeys(\"2025-03-10\");\n    await driver.sleep(2000);\n    await datePicker.sendKeys(Key.ENTER);\n    await datePicker.sendKeys(Key.ENTER);\n    console.log(\"selected future date\");\n    await driver\n      .findElement(\n        By.xpath(\n          \"//body/div[@id='main-app']/app-root[1]/app-layout[1]/nz-layout[1]/nz-layout[1]/nz-content[1]/div[1]/app-profile-edit[1]/app-page-container[1]/div[1]/div[1]/div[1]/div[2]/nz-tabset[1]/div[1]/div[1]/div[2]/div[1]/div[1]/div[1]/form[1]/nz-form-control[1]/div[1]/div[1]/div[1]/button[1]\"\n        )\n      )\n      .click();\n    console.log(\"Date saved\");\n    await driver.sleep(3000);\n    await driver\n      .findElement(By.xpath(\"//nz-page-header-title/button[1]/i[1]\"))\n      .click();\n    console.log(\"going back\");\n    //Test the custom field switch on/off toggle and verify changes are reflected respectively in the user company details page.\n    await driver\n      .findElement(\n        By.xpath(\n          \"//body/div[@id='main-app']/app-root[1]/app-layout[1]/nz-layout[1]/nz-layout[1]/nz-content[1]/div[1]/app-employees[1]/app-page-container[1]/div[1]/div[1]/nz-tabset[1]/nz-tabs-nav[1]/div[1]/div[1]/div[3]\"\n        )\n      )\n      .click();\n    console.log(\"Again Clicked on custom field\");\n    await driver.sleep(5000);\n    // await driver\n    //   .findElement(\n    //     By.xpath(\n    //       '//*[@id=\"main-app\"]/app-root/app-layout/nz-layout/nz-layout/nz-content/div/app-employees/app-page-container/div/div/nz-tabset/div/div/div[3]/div[2]/nz-spin/div/kr-table-v2/nz-table/nz-spin/div/div/nz-table-inner-scroll/div[2]/table/tbody/tr[2]/td[3]/nz-switch/button'\n    //     )\n    //   )\n    //   .click();\n    await driver\n      .findElement(\n        By.xpath(\n          '//*[@id=\"main-app\"]/app-root/app-layout/nz-layout/nz-layout/nz-content/div/app-employees/app-page-container/div/div/nz-tabset/div/div/div[3]/div[2]/nz-spin/div/kr-table-v2/nz-table/nz-spin/div/div/nz-table-inner-scroll/div[2]/table/tbody/tr[1]/td[3]/nz-switch/button'\n        )\n      )\n      .click();\n    console.log(\"toggle switched off\");\n    await driver.sleep(2000);\n    await driver\n      .findElement(\n        By.xpath(\n          \"//body/div[@id='main-app']/app-root[1]/app-layout[1]/nz-layout[1]/nz-layout[1]/nz-content[1]/div[1]/app-employees[1]/app-page-container[1]/div[1]/div[1]/nz-tabset[1]/nz-tabs-nav[1]/div[1]/div[1]/div[1]\"\n        )\n      )\n      .click();\n    await driver.sleep(5000);\n    await driver\n      .findElement(\n        By.xpath(\n          \"//div[@id='main-app']/app-root/app-layout/nz-layout/nz-layout/nz-content/div/app-employees/app-page-container/div/div/nz-tabset/div/div/div/div/div[2]/div/kr-table-v2/nz-table/nz-spin/div/div/nz-table-inner-scroll/div[2]/table/tbody/tr/td[2]/div/span\"\n        )\n      )\n      .click();\n    await driver.sleep(4000);\n    await driver\n      .findElement(\n        By.xpath(\n          \"//div[@id='main-app']/app-root/app-layout/nz-layout/nz-layout/nz-content/div/app-profile-edit/app-page-container/div/div/div/div[2]/nz-tabset/nz-tabs-nav/div/div/div[2]/div\"\n        )\n      )\n      .click();\n    await driver.executeScript(\n      \"arguments[0].scrollIntoView();\",\n      await driver.findElement(\n        By.xpath(\n          \"//body/div[@id='main-app']/app-root[1]/app-layout[1]/nz-layout[1]/nz-layout[1]/nz-content[1]/div[1]/app-profile-edit[1]/app-page-container[1]/div[1]/div[1]/div[1]/div[2]/nz-tabset[1]/div[1]/div[1]/div[2]/div[1]/div[1]/div[1]/form[1]/nz-form-control[1]/div[1]/div[1]/div[1]/button[1]\"\n        )\n      )\n    );\n    try {\n      await driver.sleep(3000);\n      await driver.findElement(\n        By.xpath(\"//label[contains(text(), 'Abrar-Test-Date')]\")\n      );\n    } catch {\n      console.log('Label with text \"Abrar-Test-Date\" not found.');\n    }",
              "err": {},
              "uuid": "e984c35d-b85d-4745-b48c-af266a606ee5",
              "parentUUID": "f9da9ec9-9ca9-4779-b710-0331e1f0b1cc",
              "isHook": false,
              "skipped": false
            },
            {
              "title": "Verify User custom field - List : Add/Display/Toggle",
              "fullTitle": "Verify User Custom Field Functionality Verify User custom field - List : Add/Display/Toggle",
              "timedOut": false,
              "duration": 71172,
              "state": "passed",
              "speed": "slow",
              "pass": true,
              "fail": false,
              "pending": false,
              "context": null,
              "code": "//Login\nconst element = await driver.wait(\n  until.elementLocated(\n    By.xpath(\n      '//*[@id=\"main-app\"]/app-root/app-sign-in/nz-spin/div/div[1]/div[2]/div/div/div[3]/div'\n    )\n  ),\n  20000\n); \nawait element.click();\nawait driver\n  .findElement(By.id(\"email-field\"))\n  .sendKeys(\"deepa.nayak@gamma.klaar.team\");\nawait driver.findElement(By.id(\"password-field\")).sendKeys(\"Klaar2021\");\nawait driver\n  .findElement(\n    By.xpath(\n      '//*[@id=\"main-app\"]/app-root/app-sign-in/nz-spin/div/div[1]/div[2]/div/nz-spin/div/form/nz-form-item[2]/nz-form-control/div/div/nz-input-group/span'\n    )\n  )\n  .click();\nawait driver.findElement(By.id(\"login-btn\")).click();\nconsole.log(\"Clicked on login\");\nconst element1 = await driver.wait(\n  until.elementLocated(\n    By.xpath(\n      '//*[@id=\"main-app\"]/app-root/app-layout/nz-layout/nz-sider/div/div/div[1]/div[2]/ul/div[7]/button/li'\n    )\n  ),\n  20000\n);\n//Navigate to Settings module\nawait element1.click();\nconsole.log(\"Clicked on settings\");\nawait driver.sleep(1000);\n//Navigate to the User List page.\nawait driver\n  .findElement(By.xpath(\"//a[contains(text(),'User List')]\"))\n  .click();\nconsole.log(\"Clicked on user list\");\n//Navigate to the User Field page.\nawait driver\n  .findElement(\n    By.xpath(\n      \"//body/div[@id='main-app']/app-root[1]/app-layout[1]/nz-layout[1]/nz-layout[1]/nz-content[1]/div[1]/app-employees[1]/app-page-container[1]/div[1]/div[1]/nz-tabset[1]/nz-tabs-nav[1]/div[1]/div[1]/div[3]\"\n    )\n  )\n  .click();\nconsole.log(\"Clicked on custom field\");\nawait driver.sleep(2000);\nawait driver\n  .findElement(\n    By.xpath(\n      \"//div[@id='main-app']/app-root/app-layout/nz-layout/nz-layout/nz-content/div/app-employees/app-page-container/div/div/nz-tabset/div/div/div[3]/div/button[2]/span[2]\"\n    )\n  )\n  .click();\nconsole.log(\"Clicked on add field\");\nawait driver\n  .findElement(\n    By.xpath(\n      \"//input[contains(@class, 'ant-input') and ancestor::div[contains(@id, 'cdk-overlay')]]\"\n    )\n  )\n  .sendKeys(\"Abrar-Test-List\");\nawait driver.sleep(5000);\nawait driver\n  .findElement(\n    By.xpath(\n      \"//div[@id='cdk-overlay-0']/nz-modal-container/div/div/div/app-modal/div/div[2]/app-add-field-modal/div/nz-spin/div/div/div/form/nz-form-item[2]/nz-form-control/div/div/nz-select/nz-select-top-control/nz-select-search/input\"\n    )\n  )\n  .click();\nawait driver.sleep(2000);\nawait driver\n  .findElement(By.xpath(\"//nz-option-container//nz-option-item[4]\"))\n  .click();\nawait driver.sleep(2000);\nawait driver\n  .findElement(\n    By.xpath(\n      \"//body/div[5]/div[2]/div[1]/nz-modal-container[1]/div[1]/div[1]/div[1]/app-modal[1]/div[1]/div[2]/app-add-field-modal[1]/div[1]/nz-spin[1]/div[1]/div[2]/div[1]/div[1]/div[2]/button[1]\"\n    )\n  )\n  .click();\nawait driver.sleep(2000);\nawait driver\n  .findElement(\n    By.xpath(\n      \"//body/div[5]/div[2]/div[1]/nz-modal-container[1]/div[1]/div[1]/div[1]/app-modal[1]/div[1]/div[2]/app-add-field-modal[1]/div[1]/nz-spin[1]/div[1]/div[2]/div[1]/div[1]/div[2]/button[1]\"\n    )\n  )\n  .click();\n//Add a new custom field of type List with 3 list options.\nawait driver.sleep(2000);\nawait driver\n  .findElement(\n    By.xpath(\n      \"//body/div[5]/div[2]/div[1]/nz-modal-container[1]/div[1]/div[1]/div[1]/app-modal[1]/div[1]/div[2]/app-add-field-modal[1]/div[1]/nz-spin[1]/div[1]/div[2]/div[2]/div[1]/div[1]/input[1]\"\n    )\n  )\n  .sendKeys(\"list1\");\nawait driver.sleep(2000);\nawait driver\n  .findElement(\n    By.xpath(\n      \"//body/div[5]/div[2]/div[1]/nz-modal-container[1]/div[1]/div[1]/div[1]/app-modal[1]/div[1]/div[2]/app-add-field-modal[1]/div[1]/nz-spin[1]/div[1]/div[2]/div[2]/div[2]/div[1]/input[1]\"\n    )\n  )\n  .sendKeys(\"list2\");\nawait driver.sleep(2000);\nawait driver\n  .findElement(\n    By.xpath(\n      \"//body/div[5]/div[2]/div[1]/nz-modal-container[1]/div[1]/div[1]/div[1]/app-modal[1]/div[1]/div[2]/app-add-field-modal[1]/div[1]/nz-spin[1]/div[1]/div[2]/div[2]/div[3]/div[1]/input[1]\"\n    )\n  )\n  .sendKeys(\"list3\");\nawait driver.sleep(2000);\nawait driver\n  .findElement(\n    By.xpath(\n      \"//body/div[5]/div[2]/div[1]/nz-modal-container[1]/div[1]/div[1]/div[1]/app-modal[1]/div[1]/div[3]/div[1]/span[1]/button[1]\"\n    )\n  )\n  .click();\nconsole.log(\"Clicked on Submit\");\nawait driver.sleep(2000);\n//Verify that the added custom field is reflected in the user company details page.\nawait driver\n  .findElement(\n    By.xpath(\n      \"//body/div[@id='main-app']/app-root[1]/app-layout[1]/nz-layout[1]/nz-layout[1]/nz-content[1]/div[1]/app-employees[1]/app-page-container[1]/div[1]/div[1]/nz-tabset[1]/nz-tabs-nav[1]/div[1]/div[1]/div[1]\"\n    )\n  )\n  .click();\nconsole.log(\"Clicked All users\");\nawait driver.sleep(5000);\nawait driver\n  .findElement(\n    By.xpath(\n      \"//div[@id='main-app']/app-root/app-layout/nz-layout/nz-layout/nz-content/div/app-employees/app-page-container/div/div/nz-tabset/div/div/div/div/div[2]/div/kr-table-v2/nz-table/nz-spin/div/div/nz-table-inner-scroll/div[2]/table/tbody/tr/td[2]/div/span\"\n    )\n  )\n  .click();\nawait driver.sleep(4000);\nawait driver\n  .findElement(\n    By.xpath(\n      \"//div[@id='main-app']/app-root/app-layout/nz-layout/nz-layout/nz-content/div/app-profile-edit/app-page-container/div/div/div/div[2]/nz-tabset/nz-tabs-nav/div/div/div[2]/div\"\n    )\n  )\n  .click();\nconsole.log(\"Clicked on Company details\");\n//In the user details page, select a list item for the custom field and save.\nawait driver.sleep(4000);\nawait driver.findElement(\n  By.xpath(\"//label[contains(text(), 'Abrar-Test-List')]\")\n);\nconsole.log('Label with text \"Abrar-Test-List\" found.');\nawait driver.sleep(2000);\nconst listPicker = await driver.findElement(\n  By.xpath(\n    \"//label[contains(text(), 'Abrar-Test-List')]/ancestor::nz-form-label/following-sibling::nz-form-control//input\"\n  )\n);\nawait driver.executeScript(\"arguments[0].scrollIntoView();\", listPicker);\nawait driver.sleep(2000);\nawait listPicker.click();\nawait driver\n  .findElement(\n    By.xpath(\n      '//*[@id=\"cdk-overlay-2\"]/nz-option-container/div/cdk-virtual-scroll-viewport/div[1]/nz-option-item[2]/div'\n    )\n  )\n  .click();\nawait driver\n  .findElement(\n    By.xpath(\n      \"//body/div[@id='main-app']/app-root[1]/app-layout[1]/nz-layout[1]/nz-layout[1]/nz-content[1]/div[1]/app-profile-edit[1]/app-page-container[1]/div[1]/div[1]/div[1]/div[2]/nz-tabset[1]/div[1]/div[1]/div[2]/div[1]/div[1]/div[1]/form[1]/nz-form-control[1]/div[1]/div[1]/div[1]/button[1]\"\n    )\n  )\n  .click();\nconsole.log(\"list item saved\");\nawait driver.sleep(3000);\nawait driver\n  .findElement(By.xpath(\"//nz-page-header-title/button[1]/i[1]\"))\n  .click();\nconsole.log(\"go back\");\nawait driver\n  .findElement(\n    By.xpath(\n      \"//body/div[@id='main-app']/app-root[1]/app-layout[1]/nz-layout[1]/nz-layout[1]/nz-content[1]/div[1]/app-employees[1]/app-page-container[1]/div[1]/div[1]/nz-tabset[1]/nz-tabs-nav[1]/div[1]/div[1]/div[3]\"\n    )\n  )\n  .click();\nconsole.log(\"Again Clicked on custom field\");\nawait driver.sleep(5000);\n//  await driver\n//    .findElement(\n//      By.xpath(\n//        '//*[@id=\"main-app\"]/app-root/app-layout/nz-layout/nz-layout/nz-content/div/app-employees/app-page-container/div/div/nz-tabset/div/div/div[3]/div[2]/nz-spin/div/kr-table-v2/nz-table/nz-spin/div/div/nz-table-inner-scroll/div[2]/table/tbody/tr[2]/td[3]/nz-switch/button'\n//      )\n//    )\n//    .click();\n//10. Test the custom field switch on/off toggle and verify changes are reflected respectively in the user company details page.\nawait driver\n  .findElement(\n    By.xpath(\n      '//*[@id=\"main-app\"]/app-root/app-layout/nz-layout/nz-layout/nz-content/div/app-employees/app-page-container/div/div/nz-tabset/div/div/div[3]/div[2]/nz-spin/div/kr-table-v2/nz-table/nz-spin/div/div/nz-table-inner-scroll/div[2]/table/tbody/tr[2]/td[3]/nz-switch/button'\n    )\n  )\n  .click();\nconsole.log(\"switched off\");\nawait driver.sleep(2000);\nawait driver\n  .findElement(\n    By.xpath(\n      \"//body/div[@id='main-app']/app-root[1]/app-layout[1]/nz-layout[1]/nz-layout[1]/nz-content[1]/div[1]/app-employees[1]/app-page-container[1]/div[1]/div[1]/nz-tabset[1]/nz-tabs-nav[1]/div[1]/div[1]/div[1]\"\n    )\n  )\n  .click();\nawait driver.sleep(5000);\nawait driver\n  .findElement(\n    By.xpath(\n      \"//div[@id='main-app']/app-root/app-layout/nz-layout/nz-layout/nz-content/div/app-employees/app-page-container/div/div/nz-tabset/div/div/div/div/div[2]/div/kr-table-v2/nz-table/nz-spin/div/div/nz-table-inner-scroll/div[2]/table/tbody/tr/td[2]/div/span\"\n    )\n  )\n  .click();\nawait driver.sleep(4000);\nawait driver\n  .findElement(\n    By.xpath(\n      \"//div[@id='main-app']/app-root/app-layout/nz-layout/nz-layout/nz-content/div/app-profile-edit/app-page-container/div/div/div/div[2]/nz-tabset/nz-tabs-nav/div/div/div[2]/div\"\n    )\n  )\n  .click();\nawait driver.executeScript(\n  \"arguments[0].scrollIntoView();\",\n  await driver.findElement(\n    By.xpath(\n      \"//body/div[@id='main-app']/app-root[1]/app-layout[1]/nz-layout[1]/nz-layout[1]/nz-content[1]/div[1]/app-profile-edit[1]/app-page-container[1]/div[1]/div[1]/div[1]/div[2]/nz-tabset[1]/div[1]/div[1]/div[2]/div[1]/div[1]/div[1]/form[1]/nz-form-control[1]/div[1]/div[1]/div[1]/button[1]\"\n    )\n  )\n);\ntry {\n  await driver.sleep(3000);\n  await driver.findElement(\n    By.xpath(\n      \"//label[contains(text(), 'Abrar-Test-List')]/ancestor::nz-form-label/following-sibling::nz-form-control//input\"\n    )\n  );\n} catch {\n  console.log('List picker with text \"Abrar-Test-List\" not found');\n}",
              "err": {},
              "uuid": "6c211387-a4a5-4211-8347-44e105850643",
              "parentUUID": "f9da9ec9-9ca9-4779-b710-0331e1f0b1cc",
              "isHook": false,
              "skipped": false
            },
            {
              "title": "Verify User custom field - Date/List Deletion",
              "fullTitle": "Verify User Custom Field Functionality Verify User custom field - Date/List Deletion",
              "timedOut": false,
              "duration": 32445,
              "state": "passed",
              "speed": "slow",
              "pass": true,
              "fail": false,
              "pending": false,
              "context": null,
              "code": "// Login\nconst element = await driver.wait(\n  until.elementLocated(\n    By.xpath(\n      '//*[@id=\"main-app\"]/app-root/app-sign-in/nz-spin/div/div[1]/div[2]/div/div/div[3]/div'\n    )\n  ),\n  20000\n);\nawait element.click();\nawait driver\n  .findElement(By.id(\"email-field\"))\n  .sendKeys(\"deepa.nayak@gamma.klaar.team\");\nawait driver.findElement(By.id(\"password-field\")).sendKeys(\"Klaar2021\");\nawait driver\n  .findElement(\n    By.xpath(\n      '//*[@id=\"main-app\"]/app-root/app-sign-in/nz-spin/div/div[1]/div[2]/div/nz-spin/div/form/nz-form-item[2]/nz-form-control/div/div/nz-input-group/span'\n    )\n  )\n  .click();\nawait driver.findElement(By.id(\"login-btn\")).click();\nconsole.log(\"Clicked on login\");\nconst element1 = await driver.wait(\n  until.elementLocated(\n    By.xpath(\n      '//*[@id=\"main-app\"]/app-root/app-layout/nz-layout/nz-sider/div/div/div[1]/div[2]/ul/div[7]/button/li'\n    )\n  ),\n  20000\n);\n//Navigate to the Settings module.\nawait element1.click();\nconsole.log(\"Clicked on settings\");\nawait driver.sleep(1000);\n//Navigate to the User List page.\nawait driver\n  .findElement(By.xpath(\"//a[contains(text(),'User List')]\"))\n  .click();\nconsole.log(\"Clicked on user list\");\n//Navigate to the User Fields page.\nawait driver\n  .findElement(\n    By.xpath(\n      \"//body/div[@id='main-app']/app-root[1]/app-layout[1]/nz-layout[1]/nz-layout[1]/nz-content[1]/div[1]/app-employees[1]/app-page-container[1]/div[1]/div[1]/nz-tabset[1]/nz-tabs-nav[1]/div[1]/div[1]/div[3]\"\n    )\n  )\n  .click();\nconsole.log(\"Clicked on custom field\");\nawait driver.sleep(5000);\n//Delete the custom field and verify the custom field is no longer visible in the custom field table as well as the user company details page.\nawait driver\n  .findElement(\n    By.xpath(\n      '//*[@id=\"main-app\"]/app-root/app-layout/nz-layout/nz-layout/nz-content/div/app-employees/app-page-container/div/div/nz-tabset/div/div/div[3]/div[2]/nz-spin/div/kr-table-v2/nz-table/nz-spin/div/div/nz-table-inner-scroll/div[2]/table/tbody/tr[1]/td[4]/div/div[2]'\n    )\n  )\n  .click();\nawait driver\n  .findElement(\n    By.xpath(\n      '//*[@id=\"main-app\"]/app-root/app-layout/nz-layout/nz-layout/nz-content/div/app-employees/app-page-container/div/div/nz-tabset/div/div/div[3]/div[2]/nz-spin/div/kr-table-v2/nz-table/nz-spin/div/div/nz-table-inner-scroll/div[2]/table/tbody/tr[2]/td[4]/div/div[2]'\n    )\n  )\n  .click();\nconsole.log(\"Deleted\");\n//verify the custom field is no longer visible in the custom field table as well as the user company details page.\nawait driver.sleep(2000);\nawait driver\n  .findElement(\n    By.xpath(\n      \"//body/div[@id='main-app']/app-root[1]/app-layout[1]/nz-layout[1]/nz-layout[1]/nz-content[1]/div[1]/app-employees[1]/app-page-container[1]/div[1]/div[1]/nz-tabset[1]/nz-tabs-nav[1]/div[1]/div[1]/div[1]\"\n    )\n  )\n  .click();\nawait driver.sleep(5000);\nawait driver\n  .findElement(\n    By.xpath(\n      \"//div[@id='main-app']/app-root/app-layout/nz-layout/nz-layout/nz-content/div/app-employees/app-page-container/div/div/nz-tabset/div/div/div/div/div[2]/div/kr-table-v2/nz-table/nz-spin/div/div/nz-table-inner-scroll/div[2]/table/tbody/tr/td[2]/div/span\"\n    )\n  )\n  .click();\nawait driver.sleep(4000);\nawait driver\n  .findElement(\n    By.xpath(\n      \"//div[@id='main-app']/app-root/app-layout/nz-layout/nz-layout/nz-content/div/app-profile-edit/app-page-container/div/div/div/div[2]/nz-tabset/nz-tabs-nav/div/div/div[2]/div\"\n    )\n  )\n  .click();\nawait driver.executeScript(\n  \"arguments[0].scrollIntoView();\",\n  await driver.findElement(\n    By.xpath(\n      \"//body/div[@id='main-app']/app-root[1]/app-layout[1]/nz-layout[1]/nz-layout[1]/nz-content[1]/div[1]/app-profile-edit[1]/app-page-container[1]/div[1]/div[1]/div[1]/div[2]/nz-tabset[1]/div[1]/div[1]/div[2]/div[1]/div[1]/div[1]/form[1]/nz-form-control[1]/div[1]/div[1]/div[1]/button[1]\"\n    )\n  )\n);\ntry {\n  await driver.sleep(3000);\n  await driver.findElement(\n    By.xpath(\n      \"//label[contains(text(), 'Abrar-Test-List')]/ancestor::nz-form-label/following-sibling::nz-form-control//input\"\n    )\n  );\n} catch {\n  console.log('List picker with text \"Abrar-Test-List\" not found');\n}\ntry {\n  await driver.sleep(3000);\n  await driver.findElement(\n    By.xpath(\"//label[contains(text(), 'Abrar-Test-Date')]\")\n  );\n} catch {\n  console.log('Label with text \"Abrar-Test-Date\" not found.');\n}",
              "err": {},
              "uuid": "5abfc250-2178-4658-9e38-dd559fbd3e9a",
              "parentUUID": "f9da9ec9-9ca9-4779-b710-0331e1f0b1cc",
              "isHook": false,
              "skipped": false
            },
            {
              "title": "Verify User add custom field without saving it",
              "fullTitle": "Verify User Custom Field Functionality Verify User add custom field without saving it",
              "timedOut": false,
              "duration": 22091,
              "state": "passed",
              "speed": "slow",
              "pass": true,
              "fail": false,
              "pending": false,
              "context": null,
              "code": "//Login\nconst element = await driver.wait(\n  until.elementLocated(\n    By.xpath(\n      '//*[@id=\"main-app\"]/app-root/app-sign-in/nz-spin/div/div[1]/div[2]/div/div/div[3]/div'\n    )\n  ),\n  20000\n);\nawait element.click();\nawait driver\n  .findElement(By.id(\"email-field\"))\n  .sendKeys(\"deepa.nayak@gamma.klaar.team\");\nawait driver.findElement(By.id(\"password-field\")).sendKeys(\"Klaar2021\");\nawait driver\n  .findElement(\n    By.xpath(\n      '//*[@id=\"main-app\"]/app-root/app-sign-in/nz-spin/div/div[1]/div[2]/div/nz-spin/div/form/nz-form-item[2]/nz-form-control/div/div/nz-input-group/span'\n    )\n  )\n  .click();\nawait driver.findElement(By.id(\"login-btn\")).click();\nconsole.log(\"Clicked on login\");\nconst element1 = await driver.wait(\n  until.elementLocated(\n    By.xpath(\n      '//*[@id=\"main-app\"]/app-root/app-layout/nz-layout/nz-sider/div/div/div[1]/div[2]/ul/div[7]/button/li'\n    )\n  ),\n  20000\n);\nawait element1.click();\nconsole.log(\"Clicked on settings\");\nawait driver.sleep(1000);\nawait driver\n  .findElement(By.xpath(\"//a[contains(text(),'User List')]\"))\n  .click();\nconsole.log(\"Clicked on user list\");\nawait driver\n  .findElement(\n    By.xpath(\n      \"//body/div[@id='main-app']/app-root[1]/app-layout[1]/nz-layout[1]/nz-layout[1]/nz-content[1]/div[1]/app-employees[1]/app-page-container[1]/div[1]/div[1]/nz-tabset[1]/nz-tabs-nav[1]/div[1]/div[1]/div[3]\"\n    )\n  )\n  .click();\nconsole.log(\"Clicked on custom field\");\nawait driver.sleep(2000);\nawait driver\n  .findElement(\n    By.xpath(\n      \"//div[@id='main-app']/app-root/app-layout/nz-layout/nz-layout/nz-content/div/app-employees/app-page-container/div/div/nz-tabset/div/div/div[3]/div/button[2]/span[2]\"\n    )\n  )\n  .click();\nconsole.log(\"Clicked on add field\");\nawait driver\n  .findElement(\n    By.xpath(\n      \"//input[contains(@class, 'ant-input') and ancestor::div[contains(@id, 'cdk-overlay')]]\"\n    )\n  )\n  .sendKeys(\"Abrar-Test-Date\");\nawait driver\n  .findElement(\n    By.xpath(\n      \"//div[@id='cdk-overlay-0']/nz-modal-container/div/div/div/app-modal/div/div[2]/app-add-field-modal/div/nz-spin/div/div/div/form/nz-form-item[2]/nz-form-control/div/div/nz-select/nz-select-top-control/nz-select-search/input\"\n    )\n  )\n  .click();\nawait driver\n  .findElement(By.xpath(\"//nz-option-container//nz-option-item[6]\"))\n  .click();\nawait driver\n  .findElement(\n    By.xpath(\n      \"//body/div[5]/div[2]/div[1]/nz-modal-container[1]/div[1]/div[1]/div[1]/app-modal[1]/div[1]/div[3]/div[1]/a[1]\"\n    )\n  )\n  .click();\nconsole.log(\"Clicked on Cancel\");\nawait driver.sleep(2000);\nawait driver\n  .findElement(\n    By.xpath(\n      \"//body/div[@id='main-app']/app-root[1]/app-layout[1]/nz-layout[1]/nz-layout[1]/nz-content[1]/div[1]/app-employees[1]/app-page-container[1]/div[1]/div[1]/nz-tabset[1]/nz-tabs-nav[1]/div[1]/div[1]/div[1]\"\n    )\n  )\n  .click();\nawait driver.sleep(5000);\nawait driver\n  .findElement(\n    By.xpath(\n      \"//div[@id='main-app']/app-root/app-layout/nz-layout/nz-layout/nz-content/div/app-employees/app-page-container/div/div/nz-tabset/div/div/div/div/div[2]/div/kr-table-v2/nz-table/nz-spin/div/div/nz-table-inner-scroll/div[2]/table/tbody/tr/td[2]/div/span\"\n    )\n  )\n  .click();\nawait driver.sleep(4000);\nawait driver\n  .findElement(\n    By.xpath(\n      \"//div[@id='main-app']/app-root/app-layout/nz-layout/nz-layout/nz-content/div/app-profile-edit/app-page-container/div/div/div/div[2]/nz-tabset/nz-tabs-nav/div/div/div[2]/div\"\n    )\n  )\n  .click();\nawait driver.executeScript(\n  \"arguments[0].scrollIntoView();\",\n  await driver.findElement(\n    By.xpath(\n      \"//body/div[@id='main-app']/app-root[1]/app-layout[1]/nz-layout[1]/nz-layout[1]/nz-content[1]/div[1]/app-profile-edit[1]/app-page-container[1]/div[1]/div[1]/div[1]/div[2]/nz-tabset[1]/div[1]/div[1]/div[2]/div[1]/div[1]/div[1]/form[1]/nz-form-control[1]/div[1]/div[1]/div[1]/button[1]\"\n    )\n  )\n);\ntry {\n  await driver.sleep(3000);\n  await driver.findElement(\n    By.xpath(\"//label[contains(text(), 'Abrar-Test-Date')]\")\n  );\n} catch {\n  console.log('Label with text \"Abrar-Test-Date\" not found.');\n}",
              "err": {},
              "uuid": "3042f776-43dd-4c0e-a8a1-a28f56747c7c",
              "parentUUID": "f9da9ec9-9ca9-4779-b710-0331e1f0b1cc",
              "isHook": false,
              "skipped": false
            }
          ],
          "suites": [],
          "passes": [
            "e984c35d-b85d-4745-b48c-af266a606ee5",
            "6c211387-a4a5-4211-8347-44e105850643",
            "5abfc250-2178-4658-9e38-dd559fbd3e9a",
            "3042f776-43dd-4c0e-a8a1-a28f56747c7c"
          ],
          "failures": [],
          "pending": [],
          "skipped": [],
          "duration": 178361,
          "root": false,
          "rootEmpty": false,
          "_timeout": 0
        }
      ],
      "passes": [],
      "failures": [],
      "pending": [],
      "skipped": [],
      "duration": 0,
      "root": true,
      "rootEmpty": true,
      "_timeout": 0
    }
  ],
  "meta": {
    "mocha": {
      "version": "10.3.0"
    },
    "mochawesome": {
      "options": {
        "quiet": false,
        "reportFilename": "mochawesome",
        "saveHtml": true,
        "saveJson": true,
        "consoleReporter": "spec",
        "useInlineDiffs": false,
        "code": true
      },
      "version": "7.1.3"
    },
    "marge": {
      "options": null,
      "version": "6.2.0"
    }
  }
}